15:05 Andy0414  : d
15:12 Andy0414  : d
15:17 Andy0414  : a
15:17 Andy0414  : d
15:18 Andy0414  : d
15:19 Andy0414  : d
15:22 Andy0414  : d
15:24 Re_zin    : tq wkaaks
15:24 Re_zin    : 개아파
15:24 Andy0414  : 이월드는 날릴거니까
15:24 Andy0414  : 음
15:24 Andy0414  : 이름앞에
15:24 Re_zin    : asdf
15:25 Andy0414  : 어케붙이지
15:25 Andy0414  : 탭누르면 나오는데
15:25 Andy0414  : 매우불편하네
15:25 Re_zin    : 플러그인 ㄴ어밍
15:25 Re_zin    : 머임
15:25 Andy0414  : tab
15:25 Re_zin    : 야
15:25 Re_zin    : 나 다이아칼로 때려바
15:25 Andy0414  : 싸울수없ㄷ
15:25 Re_zin    : 왜
15:25 Andy0414  : 좀만일로와봐
15:25 Andy0414  : 스폰지점이라
15:25 Andy0414  : 야발
15:26 Andy0414  : 나왜
15:26 Andy0414  : 안떄려지노
15:26 Andy0414  : 어난되는데
15:26 Re_zin    : 데미지 얼마 담
15:26 Andy0414  : 하트 6칸
15:26 Re_zin    : ㅋㅋㅋㅋㅋㅋㅋㅋㅋㅋㅋㅋㅋㅋㅋㅋㅋㅋㅋㅋㅋ
15:26 Andy0414  : 쎈데
15:26 Re_zin    : 1.5배 잘 되고
15:26 Re_zin    : 멀티버스 적용 안했네 아직
15:26 Andy0414  : 필요해?
15:27 Re_zin    : 월드 비율이요
15:27 Andy0414  : 아 그거였노
15:27 Andy0414  : 난 월드생성플긴
15:27 Andy0414  : 빨랑 지옥댕겨와봐
15:27 Re_zin    : 월드생성인데 월드설정도 가능한거
15:27 Re_zin    : 적용함?
15:27 Andy0414  : ㄴ
15:27 Andy0414  : 리로드해앟
15:27 Re_zin    : ㅡㅡ
15:27 Re_zin    : 해
15:28 Re_zin    : 스케일 설정 잘 되어있음
15:28 Andy0414  : ㅋㅋ
15:28 Re_zin    : 테스트 안해도 되것고
15:28 Re_zin    : 또 할거
15:28 Andy0414  : 이제
15:28 Andy0414  : 채팅에 이브께
15:29 Andy0414  : 내이름이뜨면된다
15:29 Re_zin    : 플러그인 이름이 머임
15:29 Andy0414  : TAB
15:29 Re_zin    : TAB
15:29 Re_zin    : ?
15:29 Andy0414  : yes
15:29 Andy0414  : 랭킹 2위짜리 픍긴인데
15:29 Andy0414  : 스피곳이라당한건가
15:31 Re_zin    : asdf
15:31 Re_zin    : 벌이다
15:31 Re_zin    : 죽어
15:31 Andy0414  : 이런
15:31 Re_zin    : 좟밥쉑
15:31 Andy0414  : '
15:32 Andy0414  : 동물학대
15:32 Re_zin    : 사실 야매로 만들면 되는데
15:32 Andy0414  : 아니 곤충학대
15:32 Andy0414  : 그냥
15:32 Andy0414  : 다른플긴이 있긴헌데
15:32 Re_zin    : 귀찮냐
15:33 Andy0414  : 다른거써야지
15:33 Andy0414  : 귀찮으니까
15:33 Andy0414  : 리로드
15:33 Andy0414  : 흑마
15:33 Re_zin    : ?
16:06 Re_zin    : 옳
16:06 Andy0414  : 옳
16:06 Re_zin    : 너 무슨색
16:07 Andy0414  : 아이왑
16:07 Re_zin    : 파랑?
16:07 Andy0414  : 둘다
16:07 Andy0414  : OP뻄
16:07 Re_zin    : 옳
16:07 Andy0414  : 상자
16:07 Andy0414  : 실험
16:07 Re_zin    : 야이 멍청아
16:07 Re_zin    : 그럼 상자를 주고 해야지
16:07 Andy0414  : 맞네
16:07 Re_zin    : 주먹 짱샘
16:07 Andy0414  : 자
16:07 Andy0414  : 안되제
16:07 Re_zin    : You can't access containers during PvP combat
16:08 Re_zin    : 싸웠다고 못여냐
16:08 Re_zin    : 잠김
16:08 Andy0414  : 이공간에선
16:08 Andy0414  : 못싸운대
16:08 Re_zin    : 보호되어 있네
16:08 Re_zin    : 어케 씀 보호
16:08 Re_zin    : ?
16:09 Andy0414  : 왜벤먹었노
16:09 Re_zin    : 보호 에커함
16:09 Re_zin    : 어케함
16:09 Andy0414  : 이걸죽
16:10 Re_zin    : 존나셈
16:10 Re_zin    : 폭발보호도 있냐
16:10 Andy0414  : 그건
16:10 Andy0414  : 껐는데
16:10 Re_zin    : 스폰이라 그런가
16:10 Andy0414  : 그건스폰이라
16:10 Andy0414  : 폭발
16:10 Andy0414  : 실험해보지
16:10 Re_zin    : 네
16:10 Andy0414  : ㅇㅇ
16:10 Andy0414  : 막혔나봄
16:10 Re_zin    : 풀어
16:11 Andy0414  : 가아니라
16:11 Andy0414  : 보호구역은
16:11 Andy0414  : 안터진데
16:11 Andy0414  : TNT로는
16:11 Re_zin    : 구역보호 말고 상자보홈나 넣지
16:11 Re_zin    : 상자보호만
16:11 Andy0414  : 상자보호만?
16:11 Re_zin    : dd
16:11 Andy0414  : 그거좋ㄴ
16:11 Re_zin    : 굳이 구역보호까지 필요 없는데
16:11 Andy0414  : 아니
16:11 Re_zin    : 표지판잠금 근본
16:11 Andy0414  : 보안을 중요시하길래
16:11 Andy0414  : 표지판잠금ㅋㅋㅋㅋ
16:11 Re_zin    : 로그만 있으면 댐
16:12 Re_zin    : 로그느 넣?
16:12 Andy0414  : dd
16:12 Re_zin    : dd
16:12 Re_zin    : 표지판잠금만 하면 끝이네
16:12 Re_zin    : 근본
16:12 Andy0414  : 근데너왜
16:12 Andy0414  : 스티브냐
16:12 Re_zin    : 니도 스티브임
16:13 Re_zin    : 보임?
16:13 Andy0414  : 음
16:13 Re_zin    : ./skinsrestorer:skin set Re_zin
16:13 Re_zin    : 이런식으로 해야하나본데
16:13 Re_zin    : 해봐
16:14 Re_zin    : ㅎㅇ
16:14 Andy0414  : 어
16:14 Andy0414  : 내가바뀜안되지
16:14 Andy0414  : ㅋㅋㅋㅋㅋㅋㅋㅋㅋㅋㅋㅋㅋㅋㅋㅋ
16:14 Re_zin    : 내가 되었어
16:14 Re_zin    : 아
16:14 Re_zin    : 본인 말곤 안바뀌네
16:14 Andy0414  : 왜
16:15 Re_zin    : 오피 아니면 본인만 됨
16:15 Andy0414  : 아-
16:15 Andy0414  : ㄱㄷ
16:15 Re_zin    : 니 스킨으로 돌아가
16:15 Andy0414  : 권한설정
16:15 Andy0414  : 있음
16:15 Re_zin    : 굳이?
16:15 Andy0414  : 아니
16:15 Andy0414  : 전체 먹여주는거
16:15 Andy0414  : 있던데
16:15 Re_zin    : 니 스킨으로 돌아가
16:15 Andy0414  : 어케돌아가냐
16:15 Re_zin    : ./skinsrestorer:skin set Andy0414
16:15 Re_zin    : 해봐
16:16 Andy0414  : ?
16:16 Andy0414  : 이게..아닌데..
16:16 Re_zin    : 니 스킨 아님?
16:16 Andy0414  : 아님
16:16 Andy0414  : clear쳤느데
16:16 Andy0414  : clear 이 유저일므인가보네
16:16 Andy0414  : 아
16:16 Andy0414  : GUI가 따로있네
16:17 Re_zin    : GUI가 있어?
16:17 Andy0414  : dd
16:17 Andy0414  : skins
16:17 Andy0414  : 이건몰랐누
16:17 Re_zin    : 그래서 유저는 뭐 치면 됨
16:17 Re_zin    : skin update만 쳐도 될거같은데
16:17 Andy0414  : 그런가본디
16:17 Re_zin    : 그럼 이제 상자
16:17 Andy0414  : ㅇㅋ
16:18 Andy0414  : 근본다운 잠금
16:18 Re_zin    : 옳
16:18 Andy0414  : ㄷ
16:18 Andy0414  : 자 그러면
16:18 Andy0414  : 이제남은건
16:18 Re_zin    : 알지블루 아이왑블루
16:18 Re_zin    : 배포
16:18 Re_zin    : 색으로 동아리 구별해도 되겠누
16:18 Andy0414  : 엌
16:18 Re_zin    : 이거 에드캔블루
16:19 Andy0414  : Wa
16:19 Re_zin    : 앱파
16:19 Re_zin    : 노란곳
16:19 Andy0414  : ㅋㅋㅋㅋㅋㅋㅋㅋㅋㅋㅋㅋㅋㅋㅋㅋㅋ
16:19 Re_zin    : 하나는 색이 없네
16:19 Andy0414  : 어
16:19 Andy0414  : 거긴 무슨색이지
16:19 Re_zin    : 색 없음
16:19 Re_zin    : 그나마 검은색?
16:19 Andy0414  : ㅋㅋㅋㅋ
16:19 Re_zin    : 얼른 마무리해라
16:19 Andy0414  : 잠금모드가요
16:19 Re_zin    : 네
16:19 Andy0414  : 버전이 애매한데
16:19 Andy0414  : 돌아가겠죠뭐
16:19 Andy0414  : ^^
16:19 Re_zin    : ^^
16:19 Re_zin    : 해보지 뭐
16:20 Andy0414  : ㅇㅋ
